{"/Users/mindpool/Code/finance/finance-api/src/entities/Account.ts": {"path":"/Users/mindpool/Code/finance/finance-api/src/entities/Account.ts","statementMap":{"0":{"start":{"line":1,"column":0},"end":{"line":1,"column":52}},"1":{"start":{"line":2,"column":0},"end":{"line":2,"column":42}},"2":{"start":{"line":3,"column":0},"end":{"line":3,"column":30}},"3":{"start":{"line":6,"column":7},"end":{"line":21,"column":null}},"4":{"start":{"line":7,"column":2},"end":{"line":8,"column":null}},"5":{"start":{"line":10,"column":2},"end":{"line":11,"column":null}},"6":{"start":{"line":13,"column":2},"end":{"line":14,"column":null}},"7":{"start":{"line":16,"column":2},"end":{"line":17,"column":null}},"8":{"start":{"line":19,"column":2},"end":{"line":20,"column":null}},"9":{"start":{"line":19,"column":19},"end":{"line":19,"column":23}},"10":{"start":{"line":19,"column":35},"end":{"line":19,"column":48}},"11":{"start":{"line":6,"column":13},"end":{"line":21,"column":null}},"12":{"start":{"line":6,"column":13},"end":{"line":6,"column":20}}},"fnMap":{"0":{"name":"(anonymous_2)","decl":{"start":{"line":19,"column":13},"end":{"line":19,"column":16}},"loc":{"start":{"line":19,"column":19},"end":{"line":19,"column":23}}},"1":{"name":"(anonymous_3)","decl":{"start":{"line":19,"column":25},"end":{"line":19,"column":26}},"loc":{"start":{"line":19,"column":35},"end":{"line":19,"column":48}}}},"branchMap":{},"s":{"0":5,"1":5,"2":5,"3":5,"4":5,"5":5,"6":5,"7":5,"8":5,"9":0,"10":0,"11":5,"12":5},"f":{"0":0,"1":0},"b":{}}
,"/Users/mindpool/Code/finance/finance-api/src/entities/BaseEntity.ts": {"path":"/Users/mindpool/Code/finance/finance-api/src/entities/BaseEntity.ts","statementMap":{"0":{"start":{"line":1,"column":0},"end":{"line":1,"column":58}},"1":{"start":{"line":2,"column":0},"end":{"line":2,"column":34}},"2":{"start":{"line":18,"column":4},"end":{"line":20,"column":null}},"3":{"start":{"line":19,"column":6},"end":{"line":19,"column":23}},"4":{"start":{"line":5,"column":2},"end":{"line":6,"column":null}},"5":{"start":{"line":8,"column":2},"end":{"line":9,"column":null}},"6":{"start":{"line":11,"column":2},"end":{"line":12,"column":null}},"7":{"start":{"line":14,"column":2},"end":{"line":15,"column":null}},"8":{"start":{"line":4,"column":0},"end":{"line":4,"column":13}}},"fnMap":{"0":{"name":"(anonymous_2)","decl":{"start":{"line":17,"column":2},"end":{"line":17,"column":null}},"loc":{"start":{"line":17,"column":2},"end":{"line":21,"column":3}}}},"branchMap":{"0":{"loc":{"start":{"line":18,"column":4},"end":{"line":20,"column":null}},"type":"if","locations":[{"start":{"line":18,"column":4},"end":{"line":20,"column":null}}]}},"s":{"0":5,"1":5,"2":15,"3":15,"4":5,"5":5,"6":5,"7":5,"8":5},"f":{"0":15},"b":{"0":[15]}}
,"/Users/mindpool/Code/finance/finance-api/src/entities/Permission.ts": {"path":"/Users/mindpool/Code/finance/finance-api/src/entities/Permission.ts","statementMap":{"0":{"start":{"line":1,"column":0},"end":{"line":1,"column":41}},"1":{"start":{"line":2,"column":0},"end":{"line":2,"column":42}},"2":{"start":{"line":5,"column":7},"end":{"line":11,"column":null}},"3":{"start":{"line":6,"column":2},"end":{"line":7,"column":null}},"4":{"start":{"line":9,"column":2},"end":{"line":10,"column":null}},"5":{"start":{"line":5,"column":13},"end":{"line":11,"column":null}},"6":{"start":{"line":5,"column":13},"end":{"line":5,"column":23}}},"fnMap":{},"branchMap":{},"s":{"0":5,"1":5,"2":5,"3":5,"4":5,"5":5,"6":5},"f":{},"b":{}}
,"/Users/mindpool/Code/finance/finance-api/src/entities/RefreshToken.ts": {"path":"/Users/mindpool/Code/finance/finance-api/src/entities/RefreshToken.ts","statementMap":{"0":{"start":{"line":1,"column":0},"end":{"line":1,"column":52}},"1":{"start":{"line":2,"column":0},"end":{"line":2,"column":42}},"2":{"start":{"line":3,"column":0},"end":{"line":3,"column":30}},"3":{"start":{"line":6,"column":7},"end":{"line":12,"column":null}},"4":{"start":{"line":7,"column":2},"end":{"line":8,"column":null}},"5":{"start":{"line":10,"column":2},"end":{"line":11,"column":null}},"6":{"start":{"line":10,"column":19},"end":{"line":10,"column":23}},"7":{"start":{"line":10,"column":35},"end":{"line":10,"column":53}},"8":{"start":{"line":6,"column":13},"end":{"line":12,"column":null}},"9":{"start":{"line":6,"column":13},"end":{"line":6,"column":25}}},"fnMap":{"0":{"name":"(anonymous_2)","decl":{"start":{"line":10,"column":13},"end":{"line":10,"column":16}},"loc":{"start":{"line":10,"column":19},"end":{"line":10,"column":23}}},"1":{"name":"(anonymous_3)","decl":{"start":{"line":10,"column":25},"end":{"line":10,"column":26}},"loc":{"start":{"line":10,"column":35},"end":{"line":10,"column":53}}}},"branchMap":{},"s":{"0":5,"1":5,"2":5,"3":5,"4":5,"5":5,"6":0,"7":0,"8":5,"9":5},"f":{"0":0,"1":0},"b":{}}
,"/Users/mindpool/Code/finance/finance-api/src/entities/Role.ts": {"path":"/Users/mindpool/Code/finance/finance-api/src/entities/Role.ts","statementMap":{"0":{"start":{"line":1,"column":0},"end":{"line":1,"column":64}},"1":{"start":{"line":2,"column":0},"end":{"line":2,"column":42}},"2":{"start":{"line":3,"column":0},"end":{"line":3,"column":42}},"3":{"start":{"line":6,"column":7},"end":{"line":20,"column":null}},"4":{"start":{"line":7,"column":2},"end":{"line":8,"column":null}},"5":{"start":{"line":10,"column":2},"end":{"line":11,"column":null}},"6":{"start":{"line":13,"column":2},"end":{"line":19,"column":null}},"7":{"start":{"line":13,"column":20},"end":{"line":13,"column":30}},"8":{"start":{"line":6,"column":13},"end":{"line":20,"column":null}},"9":{"start":{"line":6,"column":13},"end":{"line":6,"column":17}}},"fnMap":{"0":{"name":"(anonymous_2)","decl":{"start":{"line":13,"column":14},"end":{"line":13,"column":17}},"loc":{"start":{"line":13,"column":20},"end":{"line":13,"column":30}}}},"branchMap":{},"s":{"0":5,"1":5,"2":5,"3":5,"4":5,"5":5,"6":5,"7":0,"8":5,"9":5},"f":{"0":0},"b":{}}
,"/Users/mindpool/Code/finance/finance-api/src/entities/User.ts": {"path":"/Users/mindpool/Code/finance/finance-api/src/entities/User.ts","statementMap":{"0":{"start":{"line":1,"column":0},"end":{"line":1,"column":null}},"1":{"start":{"line":9,"column":0},"end":{"line":9,"column":36}},"2":{"start":{"line":10,"column":0},"end":{"line":10,"column":42}},"3":{"start":{"line":11,"column":0},"end":{"line":11,"column":46}},"4":{"start":{"line":12,"column":0},"end":{"line":12,"column":30}},"5":{"start":{"line":15,"column":7},"end":{"line":52,"column":null}},"6":{"start":{"line":16,"column":2},"end":{"line":17,"column":null}},"7":{"start":{"line":19,"column":2},"end":{"line":20,"column":null}},"8":{"start":{"line":22,"column":2},"end":{"line":23,"column":null}},"9":{"start":{"line":25,"column":2},"end":{"line":26,"column":null}},"10":{"start":{"line":28,"column":2},"end":{"line":29,"column":null}},"11":{"start":{"line":31,"column":2},"end":{"line":32,"column":null}},"12":{"start":{"line":34,"column":2},"end":{"line":35,"column":null}},"13":{"start":{"line":37,"column":2},"end":{"line":43,"column":null}},"14":{"start":{"line":37,"column":20},"end":{"line":37,"column":24}},"15":{"start":{"line":45,"column":2},"end":{"line":48,"column":null}},"16":{"start":{"line":45,"column":19},"end":{"line":45,"column":31}},"17":{"start":{"line":45,"column":51},"end":{"line":45,"column":68}},"18":{"start":{"line":50,"column":2},"end":{"line":51,"column":null}},"19":{"start":{"line":50,"column":19},"end":{"line":50,"column":26}},"20":{"start":{"line":50,"column":41},"end":{"line":50,"column":53}},"21":{"start":{"line":15,"column":13},"end":{"line":52,"column":null}},"22":{"start":{"line":15,"column":13},"end":{"line":15,"column":17}}},"fnMap":{"0":{"name":"(anonymous_2)","decl":{"start":{"line":37,"column":14},"end":{"line":37,"column":17}},"loc":{"start":{"line":37,"column":20},"end":{"line":37,"column":24}}},"1":{"name":"(anonymous_3)","decl":{"start":{"line":45,"column":13},"end":{"line":45,"column":16}},"loc":{"start":{"line":45,"column":19},"end":{"line":45,"column":31}}},"2":{"name":"(anonymous_4)","decl":{"start":{"line":45,"column":33},"end":{"line":45,"column":34}},"loc":{"start":{"line":45,"column":51},"end":{"line":45,"column":68}}},"3":{"name":"(anonymous_5)","decl":{"start":{"line":50,"column":13},"end":{"line":50,"column":16}},"loc":{"start":{"line":50,"column":19},"end":{"line":50,"column":26}}},"4":{"name":"(anonymous_6)","decl":{"start":{"line":50,"column":28},"end":{"line":50,"column":29}},"loc":{"start":{"line":50,"column":41},"end":{"line":50,"column":53}}}},"branchMap":{},"s":{"0":5,"1":5,"2":5,"3":5,"4":5,"5":5,"6":5,"7":5,"8":5,"9":5,"10":5,"11":5,"12":5,"13":5,"14":0,"15":5,"16":0,"17":0,"18":5,"19":0,"20":0,"21":5,"22":5},"f":{"0":0,"1":0,"2":0,"3":0,"4":0},"b":{}}
,"/Users/mindpool/Code/finance/finance-api/src/lib/ErrorGenerator.ts": {"path":"/Users/mindpool/Code/finance/finance-api/src/lib/ErrorGenerator.ts","statementMap":{"0":{"start":{"line":11,"column":4},"end":{"line":11,"column":12}},"1":{"start":{"line":13,"column":4},"end":{"line":13,"column":54}},"2":{"start":{"line":14,"column":4},"end":{"line":14,"column":21}},"3":{"start":{"line":15,"column":4},"end":{"line":15,"column":27}},"4":{"start":{"line":16,"column":4},"end":{"line":16,"column":33}},"5":{"start":{"line":17,"column":4},"end":{"line":17,"column":34}},"6":{"start":{"line":3,"column":0},"end":{"line":3,"column":13}}},"fnMap":{"0":{"name":"(anonymous_0)","decl":{"start":{"line":6,"column":2},"end":{"line":6,"column":null}},"loc":{"start":{"line":9,"column":27},"end":{"line":18,"column":3}}}},"branchMap":{"0":{"loc":{"start":{"line":9,"column":4},"end":{"line":9,"column":27}},"type":"default-arg","locations":[{"start":{"line":9,"column":11},"end":{"line":9,"column":27}}]}},"s":{"0":8,"1":8,"2":8,"3":8,"4":8,"5":8,"6":6},"f":{"0":8},"b":{"0":[8]}}
,"/Users/mindpool/Code/finance/finance-api/src/lib/Validator.ts": {"path":"/Users/mindpool/Code/finance/finance-api/src/lib/Validator.ts","statementMap":{"0":{"start":{"line":2,"column":0},"end":{"line":2,"column":49}},"1":{"start":{"line":3,"column":0},"end":{"line":3,"column":50}},"2":{"start":{"line":9,"column":4},"end":{"line":9,"column":25}},"3":{"start":{"line":13,"column":4},"end":{"line":18,"column":null}},"4":{"start":{"line":15,"column":6},"end":{"line":15,"column":46}},"5":{"start":{"line":17,"column":6},"end":{"line":17,"column":69}},"6":{"start":{"line":5,"column":0},"end":{"line":5,"column":13}}},"fnMap":{"0":{"name":"(anonymous_0)","decl":{"start":{"line":8,"column":2},"end":{"line":8,"column":14}},"loc":{"start":{"line":8,"column":43},"end":{"line":10,"column":3}}},"1":{"name":"(anonymous_1)","decl":{"start":{"line":12,"column":2},"end":{"line":12,"column":7}},"loc":{"start":{"line":12,"column":39},"end":{"line":19,"column":3}}}},"branchMap":{},"s":{"0":6,"1":6,"2":22,"3":22,"4":22,"5":1,"6":6},"f":{"0":22,"1":22},"b":{}}
,"/Users/mindpool/Code/finance/finance-api/src/provider/GenerateRefreshTokenProvider.ts": {"path":"/Users/mindpool/Code/finance/finance-api/src/provider/GenerateRefreshTokenProvider.ts","statementMap":{"0":{"start":{"line":2,"column":0},"end":{"line":2,"column":26}},"1":{"start":{"line":11,"column":22},"end":{"line":11,"column":68}},"2":{"start":{"line":14,"column":22},"end":{"line":16,"column":13}},"3":{"start":{"line":18,"column":19},"end":{"line":21,"column":6}},"4":{"start":{"line":22,"column":4},"end":{"line":22,"column":18}},"5":{"start":{"line":26,"column":9},"end":{"line":26,"column":37}}},"fnMap":{"0":{"name":"(anonymous_1)","decl":{"start":{"line":11,"column":2},"end":{"line":11,"column":22}},"loc":{"start":{"line":11,"column":68},"end":{"line":11,"column":72}}},"1":{"name":"(anonymous_2)","decl":{"start":{"line":13,"column":2},"end":{"line":13,"column":7}},"loc":{"start":{"line":13,"column":59},"end":{"line":23,"column":3}}}},"branchMap":{},"s":{"0":2,"1":3,"2":3,"3":3,"4":3,"5":2},"f":{"0":3,"1":3},"b":{}}
,"/Users/mindpool/Code/finance/finance-api/src/provider/GenerateTokenProvider.ts": {"path":"/Users/mindpool/Code/finance/finance-api/src/provider/GenerateTokenProvider.ts","statementMap":{"0":{"start":{"line":1,"column":0},"end":{"line":1,"column":36}},"1":{"start":{"line":9,"column":18},"end":{"line":12,"column":6}},"2":{"start":{"line":14,"column":4},"end":{"line":14,"column":17}},"3":{"start":{"line":18,"column":9},"end":{"line":18,"column":30}}},"fnMap":{"0":{"name":"(anonymous_0)","decl":{"start":{"line":8,"column":2},"end":{"line":8,"column":7}},"loc":{"start":{"line":8,"column":54},"end":{"line":15,"column":3}}}},"branchMap":{},"s":{"0":2,"1":4,"2":4,"3":2},"f":{"0":4},"b":{}}
,"/Users/mindpool/Code/finance/finance-api/src/repositories/base/BaseSchema.ts": {"path":"/Users/mindpool/Code/finance/finance-api/src/repositories/base/BaseSchema.ts","statementMap":{"0":{"start":{"line":1,"column":0},"end":{"line":1,"column":22}},"1":{"start":{"line":3,"column":13},"end":{"line":8,"column":3}}},"fnMap":{},"branchMap":{},"s":{"0":6,"1":6},"f":{},"b":{}}
,"/Users/mindpool/Code/finance/finance-api/src/repositories/base/InMemoryBaseRepository.ts": {"path":"/Users/mindpool/Code/finance/finance-api/src/repositories/base/InMemoryBaseRepository.ts","statementMap":{"0":{"start":{"line":4,"column":0},"end":{"line":4,"column":34}},"1":{"start":{"line":5,"column":0},"end":{"line":5,"column":48}},"2":{"start":{"line":13,"column":4},"end":{"line":13,"column":20}},"3":{"start":{"line":14,"column":4},"end":{"line":14,"column":25}},"4":{"start":{"line":18,"column":22},"end":{"line":18,"column":48}},"5":{"start":{"line":19,"column":4},"end":{"line":19,"column":48}},"6":{"start":{"line":25,"column":4},"end":{"line":25,"column":33}},"7":{"start":{"line":26,"column":4},"end":{"line":36,"column":7}},"8":{"start":{"line":27,"column":22},"end":{"line":33,"column":31}},"9":{"start":{"line":34,"column":6},"end":{"line":34,"column":31}},"10":{"start":{"line":35,"column":6},"end":{"line":35,"column":23}},"11":{"start":{"line":40,"column":4},"end":{"line":42,"column":7}},"12":{"start":{"line":41,"column":6},"end":{"line":41,"column":57}},"13":{"start":{"line":41,"column":40},"end":{"line":41,"column":54}},"14":{"start":{"line":46,"column":4},"end":{"line":46,"column":33}},"15":{"start":{"line":47,"column":4},"end":{"line":57,"column":7}},"16":{"start":{"line":48,"column":19},"end":{"line":48,"column":45}},"17":{"start":{"line":49,"column":6},"end":{"line":55,"column":null}},"18":{"start":{"line":50,"column":25},"end":{"line":51,"column":null}},"19":{"start":{"line":51,"column":10},"end":{"line":51,"column":60}},"20":{"start":{"line":53,"column":8},"end":{"line":53,"column":30}},"21":{"start":{"line":54,"column":8},"end":{"line":54,"column":66}},"22":{"start":{"line":54,"column":42},"end":{"line":54,"column":63}},"23":{"start":{"line":56,"column":6},"end":{"line":56,"column":15}},"24":{"start":{"line":61,"column":4},"end":{"line":71,"column":7}},"25":{"start":{"line":62,"column":19},"end":{"line":62,"column":null}},"26":{"start":{"line":62,"column":45},"end":{"line":62,"column":59}},"27":{"start":{"line":65,"column":6},"end":{"line":70,"column":null}},"28":{"start":{"line":66,"column":8},"end":{"line":66,"column":62}},"29":{"start":{"line":67,"column":8},"end":{"line":67,"column":22}},"30":{"start":{"line":69,"column":8},"end":{"line":69,"column":23}},"31":{"start":{"line":75,"column":4},"end":{"line":79,"column":7}},"32":{"start":{"line":76,"column":6},"end":{"line":76,"column":63}},"33":{"start":{"line":76,"column":47},"end":{"line":76,"column":61}},"34":{"start":{"line":77,"column":35},"end":{"line":77,"column":59}},"35":{"start":{"line":78,"column":6},"end":{"line":78,"column":22}},"36":{"start":{"line":8,"column":0},"end":{"line":8,"column":13}}},"fnMap":{"0":{"name":"(anonymous_0)","decl":{"start":{"line":12,"column":2},"end":{"line":12,"column":14}},"loc":{"start":{"line":12,"column":41},"end":{"line":15,"column":3}}},"1":{"name":"(anonymous_1)","decl":{"start":{"line":17,"column":2},"end":{"line":17,"column":7}},"loc":{"start":{"line":17,"column":45},"end":{"line":20,"column":3}}},"2":{"name":"(anonymous_2)","decl":{"start":{"line":22,"column":2},"end":{"line":22,"column":7}},"loc":{"start":{"line":23,"column":44},"end":{"line":37,"column":3}}},"3":{"name":"(anonymous_3)","decl":{"start":{"line":26,"column":23},"end":{"line":26,"column":24}},"loc":{"start":{"line":26,"column":35},"end":{"line":36,"column":5}}},"4":{"name":"(anonymous_4)","decl":{"start":{"line":39,"column":2},"end":{"line":39,"column":7}},"loc":{"start":{"line":39,"column":32},"end":{"line":43,"column":3}}},"5":{"name":"(anonymous_5)","decl":{"start":{"line":40,"column":23},"end":{"line":40,"column":24}},"loc":{"start":{"line":40,"column":35},"end":{"line":42,"column":5}}},"6":{"name":"(anonymous_6)","decl":{"start":{"line":41,"column":30},"end":{"line":41,"column":31}},"loc":{"start":{"line":41,"column":40},"end":{"line":41,"column":54}}},"7":{"name":"(anonymous_7)","decl":{"start":{"line":45,"column":2},"end":{"line":45,"column":7}},"loc":{"start":{"line":45,"column":55},"end":{"line":58,"column":3}}},"8":{"name":"(anonymous_8)","decl":{"start":{"line":47,"column":23},"end":{"line":47,"column":28}},"loc":{"start":{"line":47,"column":49},"end":{"line":57,"column":5}}},"9":{"name":"(anonymous_9)","decl":{"start":{"line":50,"column":40},"end":{"line":50,"column":41}},"loc":{"start":{"line":51,"column":10},"end":{"line":51,"column":60}}},"10":{"name":"(anonymous_10)","decl":{"start":{"line":54,"column":32},"end":{"line":54,"column":33}},"loc":{"start":{"line":54,"column":42},"end":{"line":54,"column":63}}},"11":{"name":"(anonymous_11)","decl":{"start":{"line":60,"column":2},"end":{"line":60,"column":7}},"loc":{"start":{"line":60,"column":34},"end":{"line":72,"column":3}}},"12":{"name":"(anonymous_12)","decl":{"start":{"line":61,"column":23},"end":{"line":61,"column":28}},"loc":{"start":{"line":61,"column":41},"end":{"line":71,"column":5}}},"13":{"name":"(anonymous_13)","decl":{"start":{"line":62,"column":35},"end":{"line":62,"column":36}},"loc":{"start":{"line":62,"column":45},"end":{"line":62,"column":59}}},"14":{"name":"(anonymous_14)","decl":{"start":{"line":74,"column":2},"end":{"line":74,"column":7}},"loc":{"start":{"line":74,"column":34},"end":{"line":80,"column":3}}},"15":{"name":"(anonymous_15)","decl":{"start":{"line":75,"column":23},"end":{"line":75,"column":24}},"loc":{"start":{"line":75,"column":35},"end":{"line":79,"column":5}}},"16":{"name":"(anonymous_16)","decl":{"start":{"line":76,"column":37},"end":{"line":76,"column":38}},"loc":{"start":{"line":76,"column":47},"end":{"line":76,"column":61}}}},"branchMap":{"0":{"loc":{"start":{"line":49,"column":6},"end":{"line":55,"column":null}},"type":"if","locations":[{"start":{"line":49,"column":6},"end":{"line":55,"column":null}}]},"1":{"loc":{"start":{"line":51,"column":10},"end":{"line":51,"column":60}},"type":"cond-expr","locations":[{"start":{"line":51,"column":34},"end":{"line":51,"column":53}},{"start":{"line":51,"column":56},"end":{"line":51,"column":60}}]},"2":{"loc":{"start":{"line":65,"column":6},"end":{"line":70,"column":null}},"type":"if","locations":[{"start":{"line":65,"column":6},"end":{"line":70,"column":null}},{"start":{"line":68,"column":13},"end":{"line":70,"column":null}}]}},"s":{"0":6,"1":6,"2":24,"3":24,"4":22,"5":22,"6":17,"7":17,"8":17,"9":17,"10":17,"11":11,"12":11,"13":9,"14":5,"15":4,"16":4,"17":4,"18":4,"19":4,"20":4,"21":4,"22":4,"23":4,"24":4,"25":4,"26":3,"27":4,"28":3,"29":3,"30":1,"31":0,"32":0,"33":0,"34":0,"35":0,"36":6},"f":{"0":24,"1":22,"2":17,"3":17,"4":11,"5":11,"6":9,"7":5,"8":4,"9":4,"10":4,"11":4,"12":4,"13":3,"14":0,"15":0,"16":0},"b":{"0":[4],"1":[4,0],"2":[3,1]}}
,"/Users/mindpool/Code/finance/finance-api/src/repositories/refreshToken/InMemoryRefreshTokenRepository.ts": {"path":"/Users/mindpool/Code/finance/finance-api/src/repositories/refreshToken/InMemoryRefreshTokenRepository.ts","statementMap":{"0":{"start":{"line":1,"column":0},"end":{"line":1,"column":72}},"1":{"start":{"line":4,"column":0},"end":{"line":4,"column":58}},"2":{"start":{"line":12,"column":4},"end":{"line":12,"column":42}},"3":{"start":{"line":16,"column":4},"end":{"line":20,"column":7}},"4":{"start":{"line":17,"column":6},"end":{"line":17,"column":73}},"5":{"start":{"line":17,"column":47},"end":{"line":17,"column":71}},"6":{"start":{"line":18,"column":35},"end":{"line":18,"column":59}},"7":{"start":{"line":19,"column":6},"end":{"line":19,"column":22}},"8":{"start":{"line":24,"column":4},"end":{"line":26,"column":7}},"9":{"start":{"line":25,"column":6},"end":{"line":25,"column":69}},"10":{"start":{"line":25,"column":40},"end":{"line":25,"column":66}},"11":{"start":{"line":7,"column":0},"end":{"line":7,"column":13}}},"fnMap":{"0":{"name":"(anonymous_0)","decl":{"start":{"line":11,"column":2},"end":{"line":11,"column":null}},"loc":{"start":{"line":11,"column":2},"end":{"line":13,"column":3}}},"1":{"name":"(anonymous_1)","decl":{"start":{"line":15,"column":2},"end":{"line":15,"column":7}},"loc":{"start":{"line":15,"column":37},"end":{"line":21,"column":3}}},"2":{"name":"(anonymous_2)","decl":{"start":{"line":16,"column":23},"end":{"line":16,"column":24}},"loc":{"start":{"line":16,"column":35},"end":{"line":20,"column":5}}},"3":{"name":"(anonymous_3)","decl":{"start":{"line":17,"column":37},"end":{"line":17,"column":38}},"loc":{"start":{"line":17,"column":47},"end":{"line":17,"column":71}}},"4":{"name":"(anonymous_4)","decl":{"start":{"line":23,"column":2},"end":{"line":23,"column":7}},"loc":{"start":{"line":23,"column":43},"end":{"line":27,"column":3}}},"5":{"name":"(anonymous_5)","decl":{"start":{"line":24,"column":23},"end":{"line":24,"column":24}},"loc":{"start":{"line":24,"column":35},"end":{"line":26,"column":5}}},"6":{"name":"(anonymous_6)","decl":{"start":{"line":25,"column":30},"end":{"line":25,"column":31}},"loc":{"start":{"line":25,"column":40},"end":{"line":25,"column":66}}}},"branchMap":{},"s":{"0":2,"1":2,"2":7,"3":2,"4":2,"5":0,"6":2,"7":2,"8":3,"9":3,"10":2,"11":2},"f":{"0":7,"1":2,"2":2,"3":0,"4":3,"5":3,"6":2},"b":{}}
,"/Users/mindpool/Code/finance/finance-api/src/repositories/refreshToken/RefreshTokenSchema.ts": {"path":"/Users/mindpool/Code/finance/finance-api/src/repositories/refreshToken/RefreshTokenSchema.ts","statementMap":{"0":{"start":{"line":1,"column":0},"end":{"line":1,"column":22}},"1":{"start":{"line":4,"column":13},"end":{"line":8,"column":3}}},"fnMap":{},"branchMap":{},"s":{"0":2,"1":2},"f":{},"b":{}}
,"/Users/mindpool/Code/finance/finance-api/src/repositories/user/InMemoryUserRepository.ts": {"path":"/Users/mindpool/Code/finance/finance-api/src/repositories/user/InMemoryUserRepository.ts","statementMap":{"0":{"start":{"line":2,"column":0},"end":{"line":2,"column":72}},"1":{"start":{"line":4,"column":0},"end":{"line":4,"column":42}},"2":{"start":{"line":11,"column":4},"end":{"line":11,"column":34}},"3":{"start":{"line":15,"column":4},"end":{"line":18,"column":7}},"4":{"start":{"line":16,"column":19},"end":{"line":16,"column":66}},"5":{"start":{"line":16,"column":45},"end":{"line":16,"column":65}},"6":{"start":{"line":17,"column":6},"end":{"line":17,"column":20}},"7":{"start":{"line":6,"column":0},"end":{"line":6,"column":13}}},"fnMap":{"0":{"name":"(anonymous_0)","decl":{"start":{"line":10,"column":2},"end":{"line":10,"column":null}},"loc":{"start":{"line":10,"column":2},"end":{"line":12,"column":3}}},"1":{"name":"(anonymous_1)","decl":{"start":{"line":14,"column":2},"end":{"line":14,"column":7}},"loc":{"start":{"line":14,"column":33},"end":{"line":19,"column":3}}},"2":{"name":"(anonymous_2)","decl":{"start":{"line":15,"column":23},"end":{"line":15,"column":24}},"loc":{"start":{"line":15,"column":43},"end":{"line":18,"column":5}}},"3":{"name":"(anonymous_3)","decl":{"start":{"line":16,"column":35},"end":{"line":16,"column":36}},"loc":{"start":{"line":16,"column":45},"end":{"line":16,"column":65}}}},"branchMap":{},"s":{"0":6,"1":6,"2":17,"3":14,"4":14,"5":6,"6":14,"7":6},"f":{"0":17,"1":14,"2":14,"3":6},"b":{}}
,"/Users/mindpool/Code/finance/finance-api/src/repositories/user/UserSchema.ts": {"path":"/Users/mindpool/Code/finance/finance-api/src/repositories/user/UserSchema.ts","statementMap":{"0":{"start":{"line":1,"column":0},"end":{"line":1,"column":22}},"1":{"start":{"line":2,"column":0},"end":{"line":2,"column":48}},"2":{"start":{"line":4,"column":13},"end":{"line":12,"column":3}}},"fnMap":{},"branchMap":{},"s":{"0":6,"1":6,"2":6},"f":{},"b":{}}
,"/Users/mindpool/Code/finance/finance-api/src/services/app/auth/AuthService.ts": {"path":"/Users/mindpool/Code/finance/finance-api/src/services/app/auth/AuthService.ts","statementMap":{"0":{"start":{"line":1,"column":0},"end":{"line":1,"column":35}},"1":{"start":{"line":3,"column":0},"end":{"line":3,"column":61}},"2":{"start":{"line":4,"column":0},"end":{"line":4,"column":94}},"3":{"start":{"line":5,"column":0},"end":{"line":5,"column":80}},"4":{"start":{"line":8,"column":0},"end":{"line":8,"column":55}},"5":{"start":{"line":9,"column":0},"end":{"line":9,"column":56}},"6":{"start":{"line":13,"column":12},"end":{"line":13,"column":42}},"7":{"start":{"line":14,"column":12},"end":{"line":14,"column":58}},"8":{"start":{"line":18,"column":27},"end":{"line":18,"column":66}},"9":{"start":{"line":19,"column":24},"end":{"line":19,"column":75}},"10":{"start":{"line":21,"column":4},"end":{"line":26,"column":null}},"11":{"start":{"line":22,"column":6},"end":{"line":25,"column":8}},"12":{"start":{"line":28,"column":4},"end":{"line":30,"column":null}},"13":{"start":{"line":29,"column":6},"end":{"line":29,"column":78}},"14":{"start":{"line":32,"column":26},"end":{"line":32,"column":76}},"15":{"start":{"line":33,"column":4},"end":{"line":38,"column":null}},"16":{"start":{"line":34,"column":6},"end":{"line":37,"column":8}},"17":{"start":{"line":40,"column":34},"end":{"line":40,"column":61}},"18":{"start":{"line":41,"column":18},"end":{"line":43,"column":6}},"19":{"start":{"line":45,"column":4},"end":{"line":45,"column":69}},"20":{"start":{"line":46,"column":41},"end":{"line":47,"column":null}},"21":{"start":{"line":49,"column":25},"end":{"line":51,"column":6}},"22":{"start":{"line":53,"column":4},"end":{"line":53,"column":35}},"23":{"start":{"line":11,"column":0},"end":{"line":11,"column":13}}},"fnMap":{"0":{"name":"(anonymous_0)","decl":{"start":{"line":12,"column":2},"end":{"line":12,"column":null}},"loc":{"start":{"line":14,"column":58},"end":{"line":15,"column":6}}},"1":{"name":"(anonymous_1)","decl":{"start":{"line":17,"column":2},"end":{"line":17,"column":7}},"loc":{"start":{"line":17,"column":26},"end":{"line":54,"column":3}}}},"branchMap":{"0":{"loc":{"start":{"line":21,"column":4},"end":{"line":26,"column":null}},"type":"if","locations":[{"start":{"line":21,"column":4},"end":{"line":26,"column":null}}]},"1":{"loc":{"start":{"line":28,"column":4},"end":{"line":30,"column":null}},"type":"if","locations":[{"start":{"line":28,"column":4},"end":{"line":30,"column":null}}]},"2":{"loc":{"start":{"line":33,"column":4},"end":{"line":38,"column":null}},"type":"if","locations":[{"start":{"line":33,"column":4},"end":{"line":38,"column":null}}]}},"s":{"0":2,"1":2,"2":2,"3":2,"4":2,"5":2,"6":5,"7":5,"8":5,"9":5,"10":5,"11":1,"12":4,"13":1,"14":3,"15":3,"16":1,"17":2,"18":2,"19":2,"20":2,"21":2,"22":2,"23":2},"f":{"0":5,"1":5},"b":{"0":[1],"1":[1],"2":[1]}}
,"/Users/mindpool/Code/finance/finance-api/src/services/app/auth/RefreshTokenService.ts": {"path":"/Users/mindpool/Code/finance/finance-api/src/services/app/auth/RefreshTokenService.ts","statementMap":{"0":{"start":{"line":1,"column":0},"end":{"line":1,"column":80}},"1":{"start":{"line":2,"column":0},"end":{"line":2,"column":32}},"2":{"start":{"line":3,"column":0},"end":{"line":3,"column":94}},"3":{"start":{"line":4,"column":0},"end":{"line":4,"column":61}},"4":{"start":{"line":5,"column":0},"end":{"line":5,"column":55}},"5":{"start":{"line":13,"column":22},"end":{"line":13,"column":68}},"6":{"start":{"line":16,"column":25},"end":{"line":17,"column":null}},"7":{"start":{"line":19,"column":4},"end":{"line":21,"column":null}},"8":{"start":{"line":20,"column":6},"end":{"line":20,"column":77}},"9":{"start":{"line":23,"column":34},"end":{"line":23,"column":61}},"10":{"start":{"line":24,"column":18},"end":{"line":26,"column":6}},"11":{"start":{"line":28,"column":32},"end":{"line":29,"column":null}},"12":{"start":{"line":31,"column":4},"end":{"line":39,"column":null}},"13":{"start":{"line":32,"column":43},"end":{"line":33,"column":null}},"14":{"start":{"line":35,"column":30},"end":{"line":37,"column":8}},"15":{"start":{"line":38,"column":6},"end":{"line":38,"column":54}},"16":{"start":{"line":41,"column":4},"end":{"line":41,"column":21}},"17":{"start":{"line":45,"column":9},"end":{"line":45,"column":28}}},"fnMap":{"0":{"name":"(anonymous_0)","decl":{"start":{"line":13,"column":2},"end":{"line":13,"column":22}},"loc":{"start":{"line":13,"column":68},"end":{"line":13,"column":72}}},"1":{"name":"(anonymous_1)","decl":{"start":{"line":15,"column":2},"end":{"line":15,"column":7}},"loc":{"start":{"line":15,"column":54},"end":{"line":42,"column":3}}}},"branchMap":{"0":{"loc":{"start":{"line":19,"column":4},"end":{"line":21,"column":null}},"type":"if","locations":[{"start":{"line":19,"column":4},"end":{"line":21,"column":null}}]},"1":{"loc":{"start":{"line":31,"column":4},"end":{"line":39,"column":null}},"type":"if","locations":[{"start":{"line":31,"column":4},"end":{"line":39,"column":null}}]}},"s":{"0":1,"1":1,"2":1,"3":1,"4":1,"5":3,"6":3,"7":3,"8":1,"9":2,"10":2,"11":2,"12":2,"13":1,"14":1,"15":1,"16":1,"17":1},"f":{"0":3,"1":3},"b":{"0":[1],"1":[1]}}
,"/Users/mindpool/Code/finance/finance-api/src/services/app/user/CreateUserService.ts": {"path":"/Users/mindpool/Code/finance/finance-api/src/services/app/user/CreateUserService.ts","statementMap":{"0":{"start":{"line":1,"column":0},"end":{"line":1,"column":32}},"1":{"start":{"line":3,"column":0},"end":{"line":3,"column":61}},"2":{"start":{"line":5,"column":0},"end":{"line":5,"column":55}},"3":{"start":{"line":8,"column":22},"end":{"line":8,"column":52}},"4":{"start":{"line":11,"column":22},"end":{"line":11,"column":71}},"5":{"start":{"line":12,"column":4},"end":{"line":14,"column":null}},"6":{"start":{"line":13,"column":6},"end":{"line":13,"column":77}},"7":{"start":{"line":15,"column":25},"end":{"line":15,"column":53}},"8":{"start":{"line":16,"column":4},"end":{"line":16,"column":75}},"9":{"start":{"line":7,"column":0},"end":{"line":7,"column":13}}},"fnMap":{"0":{"name":"(anonymous_0)","decl":{"start":{"line":8,"column":2},"end":{"line":8,"column":22}},"loc":{"start":{"line":8,"column":52},"end":{"line":8,"column":56}}},"1":{"name":"(anonymous_1)","decl":{"start":{"line":10,"column":2},"end":{"line":10,"column":7}},"loc":{"start":{"line":10,"column":26},"end":{"line":17,"column":3}}}},"branchMap":{"0":{"loc":{"start":{"line":12,"column":4},"end":{"line":14,"column":null}},"type":"if","locations":[{"start":{"line":12,"column":4},"end":{"line":14,"column":null}}]}},"s":{"0":3,"1":3,"2":3,"3":7,"4":8,"5":8,"6":1,"7":7,"8":7,"9":3},"f":{"0":7,"1":8},"b":{"0":[1]}}
,"/Users/mindpool/Code/finance/finance-api/src/services/app/user/DeleteUserService.ts": {"path":"/Users/mindpool/Code/finance/finance-api/src/services/app/user/DeleteUserService.ts","statementMap":{"0":{"start":{"line":1,"column":0},"end":{"line":1,"column":61}},"1":{"start":{"line":3,"column":0},"end":{"line":3,"column":55}},"2":{"start":{"line":6,"column":22},"end":{"line":6,"column":52}},"3":{"start":{"line":9,"column":20},"end":{"line":9,"column":56}},"4":{"start":{"line":10,"column":4},"end":{"line":12,"column":null}},"5":{"start":{"line":11,"column":6},"end":{"line":11,"column":73}},"6":{"start":{"line":13,"column":4},"end":{"line":13,"column":19}},"7":{"start":{"line":5,"column":0},"end":{"line":5,"column":13}}},"fnMap":{"0":{"name":"(anonymous_0)","decl":{"start":{"line":6,"column":2},"end":{"line":6,"column":22}},"loc":{"start":{"line":6,"column":52},"end":{"line":6,"column":56}}},"1":{"name":"(anonymous_1)","decl":{"start":{"line":8,"column":2},"end":{"line":8,"column":7}},"loc":{"start":{"line":8,"column":26},"end":{"line":14,"column":3}}}},"branchMap":{"0":{"loc":{"start":{"line":10,"column":4},"end":{"line":12,"column":null}},"type":"if","locations":[{"start":{"line":10,"column":4},"end":{"line":12,"column":null}}]}},"s":{"0":2,"1":2,"2":3,"3":3,"4":3,"5":1,"6":2,"7":2},"f":{"0":3,"1":3},"b":{"0":[1]}}
,"/Users/mindpool/Code/finance/finance-api/src/services/app/user/EditUserService.ts": {"path":"/Users/mindpool/Code/finance/finance-api/src/services/app/user/EditUserService.ts","statementMap":{"0":{"start":{"line":2,"column":0},"end":{"line":2,"column":61}},"1":{"start":{"line":4,"column":0},"end":{"line":4,"column":55}},"2":{"start":{"line":5,"column":0},"end":{"line":5,"column":50}},"3":{"start":{"line":8,"column":22},"end":{"line":8,"column":52}},"4":{"start":{"line":14,"column":27},"end":{"line":14,"column":66}},"5":{"start":{"line":15,"column":22},"end":{"line":15,"column":58}},"6":{"start":{"line":16,"column":4},"end":{"line":18,"column":null}},"7":{"start":{"line":17,"column":6},"end":{"line":17,"column":73}},"8":{"start":{"line":19,"column":4},"end":{"line":26,"column":7}},"9":{"start":{"line":7,"column":0},"end":{"line":7,"column":13}}},"fnMap":{"0":{"name":"(anonymous_0)","decl":{"start":{"line":8,"column":2},"end":{"line":8,"column":22}},"loc":{"start":{"line":8,"column":52},"end":{"line":8,"column":56}}},"1":{"name":"(anonymous_1)","decl":{"start":{"line":10,"column":2},"end":{"line":10,"column":7}},"loc":{"start":{"line":12,"column":56},"end":{"line":27,"column":3}}}},"branchMap":{"0":{"loc":{"start":{"line":16,"column":4},"end":{"line":18,"column":null}},"type":"if","locations":[{"start":{"line":16,"column":4},"end":{"line":18,"column":null}}]}},"s":{"0":1,"1":1,"2":1,"3":3,"4":3,"5":3,"6":3,"7":1,"8":2,"9":1},"f":{"0":3,"1":3},"b":{"0":[1]}}
,"/Users/mindpool/Code/finance/finance-api/src/services/app/user/GetUserService.ts": {"path":"/Users/mindpool/Code/finance/finance-api/src/services/app/user/GetUserService.ts","statementMap":{"0":{"start":{"line":5,"column":22},"end":{"line":5,"column":52}},"1":{"start":{"line":11,"column":4},"end":{"line":13,"column":null}},"2":{"start":{"line":12,"column":6},"end":{"line":12,"column":55}},"3":{"start":{"line":14,"column":4},"end":{"line":14,"column":63}},"4":{"start":{"line":4,"column":0},"end":{"line":4,"column":13}}},"fnMap":{"0":{"name":"(anonymous_0)","decl":{"start":{"line":5,"column":2},"end":{"line":5,"column":22}},"loc":{"start":{"line":5,"column":52},"end":{"line":5,"column":56}}},"1":{"name":"(anonymous_1)","decl":{"start":{"line":7,"column":2},"end":{"line":7,"column":7}},"loc":{"start":{"line":10,"column":3},"end":{"line":15,"column":3}}}},"branchMap":{"0":{"loc":{"start":{"line":11,"column":4},"end":{"line":13,"column":null}},"type":"if","locations":[{"start":{"line":11,"column":4},"end":{"line":13,"column":null}}]}},"s":{"0":12,"1":12,"2":6,"3":6,"4":4},"f":{"0":12,"1":12},"b":{"0":[6]}}
,"/Users/mindpool/Code/finance/finance-api/src/types/statusCode.ts": {"path":"/Users/mindpool/Code/finance/finance-api/src/types/statusCode.ts","statementMap":{"0":{"start":{"line":1,"column":0},"end":{"line":1,"column":null}},"1":{"start":{"line":2,"column":2},"end":{"line":2,"column":null}},"2":{"start":{"line":3,"column":2},"end":{"line":3,"column":null}},"3":{"start":{"line":4,"column":2},"end":{"line":4,"column":null}},"4":{"start":{"line":5,"column":2},"end":{"line":5,"column":null}},"5":{"start":{"line":6,"column":2},"end":{"line":6,"column":null}},"6":{"start":{"line":7,"column":2},"end":{"line":7,"column":null}},"7":{"start":{"line":8,"column":2},"end":{"line":8,"column":null}},"8":{"start":{"line":9,"column":2},"end":{"line":9,"column":null}},"9":{"start":{"line":10,"column":2},"end":{"line":10,"column":null}},"10":{"start":{"line":11,"column":2},"end":{"line":11,"column":null}},"11":{"start":{"line":12,"column":2},"end":{"line":12,"column":null}},"12":{"start":{"line":13,"column":2},"end":{"line":13,"column":null}},"13":{"start":{"line":14,"column":2},"end":{"line":14,"column":null}}},"fnMap":{"0":{"name":"(anonymous_0)","decl":{"start":{"line":1,"column":0},"end":{"line":1,"column":12}},"loc":{"start":{"line":1,"column":22},"end":{"line":15,"column":1}}}},"branchMap":{"0":{"loc":{"start":{"line":1,"column":12},"end":{"line":1,"column":null}},"type":"binary-expr","locations":[{"start":{"line":1,"column":12},"end":{"line":1,"column":22}},{"start":{"line":1,"column":12},"end":{"line":1,"column":null}}]}},"s":{"0":6,"1":6,"2":6,"3":6,"4":6,"5":6,"6":6,"7":6,"8":6,"9":6,"10":6,"11":6,"12":6,"13":6},"f":{"0":6},"b":{"0":[6,6]}}
}
